android/app/build/intermediates/manifest_merge_blame_file/debug/manifest-merger-blame-debug-report.txt
1<?xml version="1.0" encoding="utf-8"?>
2<manifest xmlns:android="http://schemas.android.com/apk/res/android"
3    package="com.reactnative201"
4    android:versionCode="1"
5    android:versionName="1.0" >
6
7    <uses-sdk
8        android:minSdkVersion="21"
9        android:targetSdkVersion="33" />
10
11    <uses-permission android:name="android.permission.SYSTEM_ALERT_WINDOW" />
11-->src/debug/AndroidManifest.xml:5:5-77
11-->src/debug/AndroidManifest.xml:5:22-75
12    <uses-permission android:name="android.permission.INTERNET" /> <!-- Required -->
12-->src/main/AndroidManifest.xml:3:5-67
12-->src/main/AndroidManifest.xml:3:22-64
13    <uses-permission android:name="android.permission.CAMERA" /> <!-- Include this only if you are planning to use the camera roll -->
13-->src/main/AndroidManifest.xml:5:1-61
13-->src/main/AndroidManifest.xml:5:18-58
14    <uses-permission android:name="android.permission.READ_EXTERNAL_STORAGE" />
14-->src/main/AndroidManifest.xml:8:1-76
14-->src/main/AndroidManifest.xml:8:18-73
15    <uses-permission android:name="android.permission.WRITE_EXTERNAL_STORAGE" />
15-->src/main/AndroidManifest.xml:9:1-77
15-->src/main/AndroidManifest.xml:9:18-74
16    <uses-permission android:name="android.permission.CAMERA" /> <!-- optionally, if you want to record audio: -->
16-->src/main/AndroidManifest.xml:5:1-61
16-->src/main/AndroidManifest.xml:5:18-58
17    <uses-permission android:name="android.permission.RECORD_AUDIO" /> <!-- Include this only if you are planning to use the microphone for video recording -->
17-->src/main/AndroidManifest.xml:13:1-67
17-->src/main/AndroidManifest.xml:13:18-64
18    <uses-permission android:name="android.permission.RECORD_AUDIO" />
18-->src/main/AndroidManifest.xml:13:1-67
18-->src/main/AndroidManifest.xml:13:18-64
19    <uses-permission android:name="android.permission.ACCESS_WIFI_STATE" />
19-->[com.facebook.flipper:flipper:0.125.0] AndroidManifest.xml:16:5-76
19-->[com.facebook.flipper:flipper:0.125.0] AndroidManifest.xml:16:22-73
20
21    <uses-feature
21-->[:react-native-camera] AndroidManifest.xml:11:5-13:36
22        android:name="android.hardware.camera"
22-->[:react-native-camera] AndroidManifest.xml:12:9-47
23        android:required="false" />
23-->[:react-native-camera] AndroidManifest.xml:13:9-33
24    <uses-feature
24-->[:react-native-camera] AndroidManifest.xml:14:5-16:36
25        android:name="android.hardware.camera.autofocus"
25-->[:react-native-camera] AndroidManifest.xml:15:9-57
26        android:required="false" /> <!-- Required to access Google Play Licensing -->
26-->[:react-native-camera] AndroidManifest.xml:16:9-33
27    <uses-permission android:name="com.android.vending.CHECK_LICENSE" />
27-->[:rn-fetch-blob] AndroidManifest.xml:10:5-73
27-->[:rn-fetch-blob] AndroidManifest.xml:10:22-70
28    <!--
29         Required to keep CPU alive while downloading files
30        (NOT to keep screen awake)
31    -->
32    <uses-permission android:name="android.permission.WAKE_LOCK" />
32-->[:rn-fetch-blob] AndroidManifest.xml:19:5-68
32-->[:rn-fetch-blob] AndroidManifest.xml:19:22-65
33    <!--
34         Required to poll the state of the network connection
35        and respond to changes
36    -->
37    <uses-permission android:name="android.permission.ACCESS_NETWORK_STATE" />
37-->[:rn-fetch-blob] AndroidManifest.xml:25:5-79
37-->[:rn-fetch-blob] AndroidManifest.xml:25:22-76
38    <uses-permission android:name="android.permission.RECEIVE_BOOT_COMPLETED" />
38-->[androidx.work:work-runtime:2.7.1] AndroidManifest.xml:27:5-81
38-->[androidx.work:work-runtime:2.7.1] AndroidManifest.xml:27:22-78
39    <uses-permission android:name="android.permission.FOREGROUND_SERVICE" />
39-->[androidx.work:work-runtime:2.7.1] AndroidManifest.xml:28:5-77
39-->[androidx.work:work-runtime:2.7.1] AndroidManifest.xml:28:22-74
40
41    <uses-feature
41-->[com.google.android.gms:play-services-maps:18.0.2] AndroidManifest.xml:26:5-28:35
42        android:glEsVersion="0x00020000"
42-->[com.google.android.gms:play-services-maps:18.0.2] AndroidManifest.xml:27:9-41
43        android:required="true" />
43-->[com.google.android.gms:play-services-maps:18.0.2] AndroidManifest.xml:28:9-32
44
45    <queries>
45-->[com.google.android.gms:play-services-maps:18.0.2] AndroidManifest.xml:30:5-34:15
46
47        <!-- Needs to be explicitly declared on Android R+ -->
48        <package android:name="com.google.android.apps.maps" />
48-->[com.google.android.gms:play-services-maps:18.0.2] AndroidManifest.xml:33:9-64
48-->[com.google.android.gms:play-services-maps:18.0.2] AndroidManifest.xml:33:18-61
49    </queries>
50
51    <application
51-->src/main/AndroidManifest.xml:16:5-39:19
52        android:name="com.reactnative201.MainApplication"
52-->src/main/AndroidManifest.xml:17:7-38
53        android:allowBackup="false"
53-->src/main/AndroidManifest.xml:21:7-34
54        android:appComponentFactory="androidx.core.app.CoreComponentFactory"
54-->[androidx.core:core:1.7.0] AndroidManifest.xml:24:18-86
55        android:debuggable="true"
56        android:icon="@mipmap/ic_launcher"
56-->src/main/AndroidManifest.xml:19:7-41
57        android:label="@string/app_name"
57-->src/main/AndroidManifest.xml:18:7-39
58        android:roundIcon="@mipmap/ic_launcher_round"
58-->src/main/AndroidManifest.xml:20:7-52
59        android:theme="@style/AppTheme"
59-->src/main/AndroidManifest.xml:22:7-38
60        android:usesCleartextTraffic="true" >
60-->src/debug/AndroidManifest.xml:8:9-44
61        <activity
61-->src/debug/AndroidManifest.xml:11:9-111
62            android:name="com.facebook.react.devsupport.DevSettingsActivity"
62-->src/debug/AndroidManifest.xml:11:19-83
63            android:exported="false" />
63-->src/debug/AndroidManifest.xml:11:84-108
64        <activity
64-->src/main/AndroidManifest.xml:23:7-34:18
65            android:name="com.reactnative201.MainActivity"
65-->src/main/AndroidManifest.xml:24:9-37
66            android:configChanges="keyboard|keyboardHidden|orientation|screenLayout|screenSize|smallestScreenSize|uiMode"
66-->src/main/AndroidManifest.xml:26:9-118
67            android:exported="true"
67-->src/main/AndroidManifest.xml:29:9-32
68            android:label="@string/app_name"
68-->src/main/AndroidManifest.xml:25:9-41
69            android:launchMode="singleTask"
69-->src/main/AndroidManifest.xml:27:9-40
70            android:windowSoftInputMode="adjustResize" >
70-->src/main/AndroidManifest.xml:28:9-51
71            <intent-filter>
71-->src/main/AndroidManifest.xml:30:9-33:25
72                <action android:name="android.intent.action.MAIN" />
72-->src/main/AndroidManifest.xml:31:13-65
72-->src/main/AndroidManifest.xml:31:21-62
73
74                <category android:name="android.intent.category.LAUNCHER" />
74-->src/main/AndroidManifest.xml:32:13-73
74-->src/main/AndroidManifest.xml:32:23-70
75            </intent-filter>
76        </activity> <!-- You will only need to add this meta-data tag, but make sure it's a child of application -->
77        <meta-data
77-->src/main/AndroidManifest.xml:36:4-38:53
78            android:name="com.google.android.geo.API_KEY"
78-->src/main/AndroidManifest.xml:37:6-51
79            android:value="Your Google maps API Key Here" />
79-->src/main/AndroidManifest.xml:38:6-51
80
81        <provider
81-->[:rn-fetch-blob] AndroidManifest.xml:34:9-42:20
82            android:name="com.RNFetchBlob.Utils.FileProvider"
82-->[:rn-fetch-blob] AndroidManifest.xml:35:13-62
83            android:authorities="com.reactnative201.provider"
83-->[:rn-fetch-blob] AndroidManifest.xml:36:13-60
84            android:exported="false"
84-->[:rn-fetch-blob] AndroidManifest.xml:37:13-37
85            android:grantUriPermissions="true" >
85-->[:rn-fetch-blob] AndroidManifest.xml:38:13-47
86            <meta-data
86-->[:rn-fetch-blob] AndroidManifest.xml:39:13-41:58
87                android:name="android.support.FILE_PROVIDER_PATHS"
87-->[:rn-fetch-blob] AndroidManifest.xml:40:17-67
88                android:resource="@xml/provider_paths" />
88-->[:rn-fetch-blob] AndroidManifest.xml:41:17-55
89        </provider>
90        <provider
90-->[androidx.work:work-runtime:2.7.1] AndroidManifest.xml:31:9-39:20
91            android:name="androidx.startup.InitializationProvider"
91-->[androidx.work:work-runtime:2.7.1] AndroidManifest.xml:32:13-67
92            android:authorities="com.reactnative201.androidx-startup"
92-->[androidx.work:work-runtime:2.7.1] AndroidManifest.xml:33:13-68
93            android:exported="false" >
93-->[androidx.work:work-runtime:2.7.1] AndroidManifest.xml:34:13-37
94            <meta-data
94-->[androidx.work:work-runtime:2.7.1] AndroidManifest.xml:36:13-38:52
95                android:name="androidx.work.WorkManagerInitializer"
95-->[androidx.work:work-runtime:2.7.1] AndroidManifest.xml:37:17-68
96                android:value="androidx.startup" />
96-->[androidx.work:work-runtime:2.7.1] AndroidManifest.xml:38:17-49
97            <meta-data
97-->[androidx.emoji2:emoji2:1.0.0] AndroidManifest.xml:31:13-33:52
98                android:name="androidx.emoji2.text.EmojiCompatInitializer"
98-->[androidx.emoji2:emoji2:1.0.0] AndroidManifest.xml:32:17-75
99                android:value="androidx.startup" />
99-->[androidx.emoji2:emoji2:1.0.0] AndroidManifest.xml:33:17-49
100            <meta-data
100-->[androidx.lifecycle:lifecycle-process:2.4.0] AndroidManifest.xml:31:13-33:52
101                android:name="androidx.lifecycle.ProcessLifecycleInitializer"
101-->[androidx.lifecycle:lifecycle-process:2.4.0] AndroidManifest.xml:32:17-78
102                android:value="androidx.startup" />
102-->[androidx.lifecycle:lifecycle-process:2.4.0] AndroidManifest.xml:33:17-49
103        </provider>
104
105        <service
105-->[androidx.work:work-runtime:2.7.1] AndroidManifest.xml:41:9-46:35
106            android:name="androidx.work.impl.background.systemalarm.SystemAlarmService"
106-->[androidx.work:work-runtime:2.7.1] AndroidManifest.xml:42:13-88
107            android:directBootAware="false"
107-->[androidx.work:work-runtime:2.7.1] AndroidManifest.xml:43:13-44
108            android:enabled="@bool/enable_system_alarm_service_default"
108-->[androidx.work:work-runtime:2.7.1] AndroidManifest.xml:44:13-72
109            android:exported="false" />
109-->[androidx.work:work-runtime:2.7.1] AndroidManifest.xml:45:13-37
110        <service
110-->[androidx.work:work-runtime:2.7.1] AndroidManifest.xml:47:9-53:35
111            android:name="androidx.work.impl.background.systemjob.SystemJobService"
111-->[androidx.work:work-runtime:2.7.1] AndroidManifest.xml:48:13-84
112            android:directBootAware="false"
112-->[androidx.work:work-runtime:2.7.1] AndroidManifest.xml:49:13-44
113            android:enabled="@bool/enable_system_job_service_default"
113-->[androidx.work:work-runtime:2.7.1] AndroidManifest.xml:50:13-70
114            android:exported="true"
114-->[androidx.work:work-runtime:2.7.1] AndroidManifest.xml:51:13-36
115            android:permission="android.permission.BIND_JOB_SERVICE" />
115-->[androidx.work:work-runtime:2.7.1] AndroidManifest.xml:52:13-69
116        <service
116-->[androidx.work:work-runtime:2.7.1] AndroidManifest.xml:54:9-59:35
117            android:name="androidx.work.impl.foreground.SystemForegroundService"
117-->[androidx.work:work-runtime:2.7.1] AndroidManifest.xml:55:13-81
118            android:directBootAware="false"
118-->[androidx.work:work-runtime:2.7.1] AndroidManifest.xml:56:13-44
119            android:enabled="@bool/enable_system_foreground_service_default"
119-->[androidx.work:work-runtime:2.7.1] AndroidManifest.xml:57:13-77
120            android:exported="false" />
120-->[androidx.work:work-runtime:2.7.1] AndroidManifest.xml:58:13-37
121
122        <receiver
122-->[androidx.work:work-runtime:2.7.1] AndroidManifest.xml:61:9-66:35
123            android:name="androidx.work.impl.utils.ForceStopRunnable$BroadcastReceiver"
123-->[androidx.work:work-runtime:2.7.1] AndroidManifest.xml:62:13-88
124            android:directBootAware="false"
124-->[androidx.work:work-runtime:2.7.1] AndroidManifest.xml:63:13-44
125            android:enabled="true"
125-->[androidx.work:work-runtime:2.7.1] AndroidManifest.xml:64:13-35
126            android:exported="false" />
126-->[androidx.work:work-runtime:2.7.1] AndroidManifest.xml:65:13-37
127        <receiver
127-->[androidx.work:work-runtime:2.7.1] AndroidManifest.xml:67:9-77:20
128            android:name="androidx.work.impl.background.systemalarm.ConstraintProxy$BatteryChargingProxy"
128-->[androidx.work:work-runtime:2.7.1] AndroidManifest.xml:68:13-106
129            android:directBootAware="false"
129-->[androidx.work:work-runtime:2.7.1] AndroidManifest.xml:69:13-44
130            android:enabled="false"
130-->[androidx.work:work-runtime:2.7.1] AndroidManifest.xml:70:13-36
131            android:exported="false" >
131-->[androidx.work:work-runtime:2.7.1] AndroidManifest.xml:71:13-37
132            <intent-filter>
132-->[androidx.work:work-runtime:2.7.1] AndroidManifest.xml:73:13-76:29
133                <action android:name="android.intent.action.ACTION_POWER_CONNECTED" />
133-->[androidx.work:work-runtime:2.7.1] AndroidManifest.xml:74:17-87
133-->[androidx.work:work-runtime:2.7.1] AndroidManifest.xml:74:25-84
134                <action android:name="android.intent.action.ACTION_POWER_DISCONNECTED" />
134-->[androidx.work:work-runtime:2.7.1] AndroidManifest.xml:75:17-90
134-->[androidx.work:work-runtime:2.7.1] AndroidManifest.xml:75:25-87
135            </intent-filter>
136        </receiver>
137        <receiver
137-->[androidx.work:work-runtime:2.7.1] AndroidManifest.xml:78:9-88:20
138            android:name="androidx.work.impl.background.systemalarm.ConstraintProxy$BatteryNotLowProxy"
138-->[androidx.work:work-runtime:2.7.1] AndroidManifest.xml:79:13-104
139            android:directBootAware="false"
139-->[androidx.work:work-runtime:2.7.1] AndroidManifest.xml:80:13-44
140            android:enabled="false"
140-->[androidx.work:work-runtime:2.7.1] AndroidManifest.xml:81:13-36
141            android:exported="false" >
141-->[androidx.work:work-runtime:2.7.1] AndroidManifest.xml:82:13-37
142            <intent-filter>
142-->[androidx.work:work-runtime:2.7.1] AndroidManifest.xml:84:13-87:29
143                <action android:name="android.intent.action.BATTERY_OKAY" />
143-->[androidx.work:work-runtime:2.7.1] AndroidManifest.xml:85:17-77
143-->[androidx.work:work-runtime:2.7.1] AndroidManifest.xml:85:25-74
144                <action android:name="android.intent.action.BATTERY_LOW" />
144-->[androidx.work:work-runtime:2.7.1] AndroidManifest.xml:86:17-76
144-->[androidx.work:work-runtime:2.7.1] AndroidManifest.xml:86:25-73
145            </intent-filter>
146        </receiver>
147        <receiver
147-->[androidx.work:work-runtime:2.7.1] AndroidManifest.xml:89:9-99:20
148            android:name="androidx.work.impl.background.systemalarm.ConstraintProxy$StorageNotLowProxy"
148-->[androidx.work:work-runtime:2.7.1] AndroidManifest.xml:90:13-104
149            android:directBootAware="false"
149-->[androidx.work:work-runtime:2.7.1] AndroidManifest.xml:91:13-44
150            android:enabled="false"
150-->[androidx.work:work-runtime:2.7.1] AndroidManifest.xml:92:13-36
151            android:exported="false" >
151-->[androidx.work:work-runtime:2.7.1] AndroidManifest.xml:93:13-37
152            <intent-filter>
152-->[androidx.work:work-runtime:2.7.1] AndroidManifest.xml:95:13-98:29
153                <action android:name="android.intent.action.DEVICE_STORAGE_LOW" />
153-->[androidx.work:work-runtime:2.7.1] AndroidManifest.xml:96:17-83
153-->[androidx.work:work-runtime:2.7.1] AndroidManifest.xml:96:25-80
154                <action android:name="android.intent.action.DEVICE_STORAGE_OK" />
154-->[androidx.work:work-runtime:2.7.1] AndroidManifest.xml:97:17-82
154-->[androidx.work:work-runtime:2.7.1] AndroidManifest.xml:97:25-79
155            </intent-filter>
156        </receiver>
157        <receiver
157-->[androidx.work:work-runtime:2.7.1] AndroidManifest.xml:100:9-109:20
158            android:name="androidx.work.impl.background.systemalarm.ConstraintProxy$NetworkStateProxy"
158-->[androidx.work:work-runtime:2.7.1] AndroidManifest.xml:101:13-103
159            android:directBootAware="false"
159-->[androidx.work:work-runtime:2.7.1] AndroidManifest.xml:102:13-44
160            android:enabled="false"
160-->[androidx.work:work-runtime:2.7.1] AndroidManifest.xml:103:13-36
161            android:exported="false" >
161-->[androidx.work:work-runtime:2.7.1] AndroidManifest.xml:104:13-37
162            <intent-filter>
162-->[androidx.work:work-runtime:2.7.1] AndroidManifest.xml:106:13-108:29
163                <action android:name="android.net.conn.CONNECTIVITY_CHANGE" />
163-->[androidx.work:work-runtime:2.7.1] AndroidManifest.xml:107:17-79
163-->[androidx.work:work-runtime:2.7.1] AndroidManifest.xml:107:25-76
164            </intent-filter>
165        </receiver>
166        <receiver
166-->[androidx.work:work-runtime:2.7.1] AndroidManifest.xml:110:9-121:20
167            android:name="androidx.work.impl.background.systemalarm.RescheduleReceiver"
167-->[androidx.work:work-runtime:2.7.1] AndroidManifest.xml:111:13-88
168            android:directBootAware="false"
168-->[androidx.work:work-runtime:2.7.1] AndroidManifest.xml:112:13-44
169            android:enabled="false"
169-->[androidx.work:work-runtime:2.7.1] AndroidManifest.xml:113:13-36
170            android:exported="false" >
170-->[androidx.work:work-runtime:2.7.1] AndroidManifest.xml:114:13-37
171            <intent-filter>
171-->[androidx.work:work-runtime:2.7.1] AndroidManifest.xml:116:13-120:29
172                <action android:name="android.intent.action.BOOT_COMPLETED" />
172-->[androidx.work:work-runtime:2.7.1] AndroidManifest.xml:117:17-79
172-->[androidx.work:work-runtime:2.7.1] AndroidManifest.xml:117:25-76
173                <action android:name="android.intent.action.TIME_SET" />
173-->[androidx.work:work-runtime:2.7.1] AndroidManifest.xml:118:17-73
173-->[androidx.work:work-runtime:2.7.1] AndroidManifest.xml:118:25-70
174                <action android:name="android.intent.action.TIMEZONE_CHANGED" />
174-->[androidx.work:work-runtime:2.7.1] AndroidManifest.xml:119:17-81
174-->[androidx.work:work-runtime:2.7.1] AndroidManifest.xml:119:25-78
175            </intent-filter>
176        </receiver>
177        <receiver
177-->[androidx.work:work-runtime:2.7.1] AndroidManifest.xml:122:9-131:20
178            android:name="androidx.work.impl.background.systemalarm.ConstraintProxyUpdateReceiver"
178-->[androidx.work:work-runtime:2.7.1] AndroidManifest.xml:123:13-99
179            android:directBootAware="false"
179-->[androidx.work:work-runtime:2.7.1] AndroidManifest.xml:124:13-44
180            android:enabled="@bool/enable_system_alarm_service_default"
180-->[androidx.work:work-runtime:2.7.1] AndroidManifest.xml:125:13-72
181            android:exported="false" >
181-->[androidx.work:work-runtime:2.7.1] AndroidManifest.xml:126:13-37
182            <intent-filter>
182-->[androidx.work:work-runtime:2.7.1] AndroidManifest.xml:128:13-130:29
183                <action android:name="androidx.work.impl.background.systemalarm.UpdateProxies" />
183-->[androidx.work:work-runtime:2.7.1] AndroidManifest.xml:129:17-98
183-->[androidx.work:work-runtime:2.7.1] AndroidManifest.xml:129:25-95
184            </intent-filter>
185        </receiver>
186        <receiver
186-->[androidx.work:work-runtime:2.7.1] AndroidManifest.xml:132:9-142:20
187            android:name="androidx.work.impl.diagnostics.DiagnosticsReceiver"
187-->[androidx.work:work-runtime:2.7.1] AndroidManifest.xml:133:13-78
188            android:directBootAware="false"
188-->[androidx.work:work-runtime:2.7.1] AndroidManifest.xml:134:13-44
189            android:enabled="true"
189-->[androidx.work:work-runtime:2.7.1] AndroidManifest.xml:135:13-35
190            android:exported="true"
190-->[androidx.work:work-runtime:2.7.1] AndroidManifest.xml:136:13-36
191            android:permission="android.permission.DUMP" >
191-->[androidx.work:work-runtime:2.7.1] AndroidManifest.xml:137:13-57
192            <intent-filter>
192-->[androidx.work:work-runtime:2.7.1] AndroidManifest.xml:139:13-141:29
193                <action android:name="androidx.work.diagnostics.REQUEST_DIAGNOSTICS" />
193-->[androidx.work:work-runtime:2.7.1] AndroidManifest.xml:140:17-88
193-->[androidx.work:work-runtime:2.7.1] AndroidManifest.xml:140:25-85
194            </intent-filter>
195        </receiver>
196
197        <service
197-->[androidx.room:room-runtime:2.2.5] AndroidManifest.xml:25:9-28:40
198            android:name="androidx.room.MultiInstanceInvalidationService"
198-->[androidx.room:room-runtime:2.2.5] AndroidManifest.xml:26:13-74
199            android:directBootAware="true"
199-->[androidx.room:room-runtime:2.2.5] AndroidManifest.xml:27:13-43
200            android:exported="false" />
200-->[androidx.room:room-runtime:2.2.5] AndroidManifest.xml:28:13-37
201        <service
201-->[com.google.android.gms:play-services-mlkit-barcode-scanning:16.2.0] AndroidManifest.xml:9:9-15:19
202            android:name="com.google.mlkit.common.internal.MlKitComponentDiscoveryService"
202-->[com.google.android.gms:play-services-mlkit-barcode-scanning:16.2.0] AndroidManifest.xml:10:13-91
203            android:directBootAware="true"
203-->[com.google.mlkit:common:17.2.0] AndroidManifest.xml:17:13-43
204            android:exported="false" >
204-->[com.google.android.gms:play-services-mlkit-barcode-scanning:16.2.0] AndroidManifest.xml:11:13-37
205            <meta-data
205-->[com.google.android.gms:play-services-mlkit-barcode-scanning:16.2.0] AndroidManifest.xml:12:13-14:85
206                android:name="com.google.firebase.components:com.google.mlkit.vision.barcode.internal.BarcodeRegistrar"
206-->[com.google.android.gms:play-services-mlkit-barcode-scanning:16.2.0] AndroidManifest.xml:13:17-120
207                android:value="com.google.firebase.components.ComponentRegistrar" />
207-->[com.google.android.gms:play-services-mlkit-barcode-scanning:16.2.0] AndroidManifest.xml:14:17-82
208            <meta-data
208-->[com.google.android.gms:play-services-mlkit-face-detection:16.2.0] AndroidManifest.xml:12:13-14:85
209                android:name="com.google.firebase.components:com.google.mlkit.vision.face.internal.FaceRegistrar"
209-->[com.google.android.gms:play-services-mlkit-face-detection:16.2.0] AndroidManifest.xml:13:17-114
210                android:value="com.google.firebase.components.ComponentRegistrar" />
210-->[com.google.android.gms:play-services-mlkit-face-detection:16.2.0] AndroidManifest.xml:14:17-82
211            <meta-data
211-->[com.google.android.gms:play-services-mlkit-text-recognition:16.3.0] AndroidManifest.xml:12:13-14:85
212                android:name="com.google.firebase.components:com.google.mlkit.vision.text.internal.TextRegistrar"
212-->[com.google.android.gms:play-services-mlkit-text-recognition:16.3.0] AndroidManifest.xml:13:17-114
213                android:value="com.google.firebase.components.ComponentRegistrar" />
213-->[com.google.android.gms:play-services-mlkit-text-recognition:16.3.0] AndroidManifest.xml:14:17-82
214            <meta-data
214-->[com.google.mlkit:vision-common:16.5.0] AndroidManifest.xml:12:13-14:85
215                android:name="com.google.firebase.components:com.google.mlkit.vision.common.internal.VisionCommonRegistrar"
215-->[com.google.mlkit:vision-common:16.5.0] AndroidManifest.xml:13:17-124
216                android:value="com.google.firebase.components.ComponentRegistrar" />
216-->[com.google.mlkit:vision-common:16.5.0] AndroidManifest.xml:14:17-82
217            <meta-data
217-->[com.google.mlkit:common:17.2.0] AndroidManifest.xml:20:13-22:85
218                android:name="com.google.firebase.components:com.google.mlkit.common.internal.CommonComponentRegistrar"
218-->[com.google.mlkit:common:17.2.0] AndroidManifest.xml:21:17-120
219                android:value="com.google.firebase.components.ComponentRegistrar" />
219-->[com.google.mlkit:common:17.2.0] AndroidManifest.xml:22:17-82
220        </service> <!-- Needs to be explicitly declared on P+ -->
221        <uses-library
221-->[com.google.android.gms:play-services-maps:18.0.2] AndroidManifest.xml:39:9-41:40
222            android:name="org.apache.http.legacy"
222-->[com.google.android.gms:play-services-maps:18.0.2] AndroidManifest.xml:40:13-50
223            android:required="false" />
223-->[com.google.android.gms:play-services-maps:18.0.2] AndroidManifest.xml:41:13-37
224
225        <provider
225-->[com.google.mlkit:common:17.2.0] AndroidManifest.xml:9:9-13:38
226            android:name="com.google.mlkit.common.internal.MlKitInitProvider"
226-->[com.google.mlkit:common:17.2.0] AndroidManifest.xml:10:13-78
227            android:authorities="com.reactnative201.mlkitinitprovider"
227-->[com.google.mlkit:common:17.2.0] AndroidManifest.xml:11:13-69
228            android:exported="false"
228-->[com.google.mlkit:common:17.2.0] AndroidManifest.xml:12:13-37
229            android:initOrder="99" />
229-->[com.google.mlkit:common:17.2.0] AndroidManifest.xml:13:13-35
230
231        <activity
231-->[com.google.android.gms:play-services-base:18.1.0] AndroidManifest.xml:20:9-22:45
232            android:name="com.google.android.gms.common.api.GoogleApiActivity"
232-->[com.google.android.gms:play-services-base:18.1.0] AndroidManifest.xml:20:19-85
233            android:exported="false"
233-->[com.google.android.gms:play-services-base:18.1.0] AndroidManifest.xml:22:19-43
234            android:theme="@android:style/Theme.Translucent.NoTitleBar" />
234-->[com.google.android.gms:play-services-base:18.1.0] AndroidManifest.xml:21:19-78
235
236        <meta-data
236-->[com.google.android.gms:play-services-basement:18.1.0] AndroidManifest.xml:21:9-23:69
237            android:name="com.google.android.gms.version"
237-->[com.google.android.gms:play-services-basement:18.1.0] AndroidManifest.xml:22:13-58
238            android:value="@integer/google_play_services_version" />
238-->[com.google.android.gms:play-services-basement:18.1.0] AndroidManifest.xml:23:13-66
239
240        <service
240-->[com.google.android.datatransport:transport-backend-cct:2.3.3] AndroidManifest.xml:29:9-35:19
241            android:name="com.google.android.datatransport.runtime.backends.TransportBackendDiscovery"
241-->[com.google.android.datatransport:transport-backend-cct:2.3.3] AndroidManifest.xml:30:13-103
242            android:exported="false" >
242-->[com.google.android.datatransport:transport-backend-cct:2.3.3] AndroidManifest.xml:31:13-37
243            <meta-data
243-->[com.google.android.datatransport:transport-backend-cct:2.3.3] AndroidManifest.xml:32:13-34:39
244                android:name="backend:com.google.android.datatransport.cct.CctBackendFactory"
244-->[com.google.android.datatransport:transport-backend-cct:2.3.3] AndroidManifest.xml:33:17-94
245                android:value="cct" />
245-->[com.google.android.datatransport:transport-backend-cct:2.3.3] AndroidManifest.xml:34:17-36
246        </service>
247        <service
247-->[com.google.android.datatransport:transport-runtime:2.2.6] AndroidManifest.xml:26:9-30:19
248            android:name="com.google.android.datatransport.runtime.scheduling.jobscheduling.JobInfoSchedulerService"
248-->[com.google.android.datatransport:transport-runtime:2.2.6] AndroidManifest.xml:27:13-117
249            android:exported="false"
249-->[com.google.android.datatransport:transport-runtime:2.2.6] AndroidManifest.xml:28:13-37
250            android:permission="android.permission.BIND_JOB_SERVICE" >
250-->[com.google.android.datatransport:transport-runtime:2.2.6] AndroidManifest.xml:29:13-69
251        </service>
252
253        <receiver
253-->[com.google.android.datatransport:transport-runtime:2.2.6] AndroidManifest.xml:32:9-34:40
254            android:name="com.google.android.datatransport.runtime.scheduling.jobscheduling.AlarmManagerSchedulerBroadcastReceiver"
254-->[com.google.android.datatransport:transport-runtime:2.2.6] AndroidManifest.xml:33:13-132
255            android:exported="false" />
255-->[com.google.android.datatransport:transport-runtime:2.2.6] AndroidManifest.xml:34:13-37
256    </application>
257
258</manifest>